nohup: ignoring input
[sweep] Skipping first 1 run(s).
[sweep] 8 runs defined in ablation_example.yaml  (live)

[sweep] [1/8] base_attention — skipped
[sweep] [2/8] base_distance
         /home/student/miniconda3/envs/pyg_env/bin/python /home/student/thesis/ProteinStructure_ESP_Thesis/pipelines/model_pipeline.py --all --suffix base_distance --model distance

–  AF-A0A085GHR3-F1                     skipped  —  graph build
–  AF-A0A097ZPE8-F1                     skipped  —  graph build
–  AF-A0A0D1DWQ2-F1                     skipped  —  graph build
–  AF-A0A146F0J0-F1                     skipped  —  graph build
–  AF-A0A172M485-F1                     skipped  —  graph build
–  AF-A0A178VBJ0-F1                     skipped  —  graph build
–  AF-A0A1B6HRN9-F1                     skipped  —  graph build
–  AF-A0A2I6B3P0-F1                     skipped  —  graph build
–  AF-A0A2U9GHG9-F1                     skipped  —  graph build
–  AF-A0A3Q7I7R4-F1                     skipped  —  graph build
–  AF-A0A5B8NBE6-F1                     skipped  —  graph build
–  AF-A0A5P3XKJ3-F1                     skipped  —  graph build
–  AF-A0B3G1-F1                         skipped  —  graph build
–  AF-A0B6S6-F1                         skipped  —  graph build
–  AF-A0K4C9-F1                         skipped  —  graph build
–  AF-A0K4S8-F1                         skipped  —  graph build
–  AF-A0KAE8-F1                         skipped  —  graph build
–  AF-A0KIT3-F1                         skipped  —  graph build
–  AF-A0L7K9-F1                         skipped  —  graph build
–  AF-A0PM50-F1                         skipped  —  graph build
–  AF-A0RHE1-F1                         skipped  —  graph build
–  AF-A1AC27-F1                         skipped  —  graph build
–  AF-A1JP08-F1                         skipped  —  graph build
–  AF-A1KMI2-F1                         skipped  —  graph build
–  AF-A1SW96-F1                         skipped  —  graph build
–  AF-A1T4L5-F1                         skipped  —  graph build
–  AF-A1TT66-F1                         skipped  —  graph build
–  AF-A1ULU4-F1                         skipped  —  graph build
–  AF-A1V0U6-F1                         skipped  —  graph build
–  AF-A1V775-F1                         skipped  —  graph build
–  AF-A1W8C6-F1                         skipped  —  graph build
–  AF-A2QF55-F1                         skipped  —  graph build
–  AF-A2Z8L4-F1                         skipped  —  graph build
–  AF-A3CK75-F1                         skipped  —  graph build
–  AF-A4SEI8-F1                         skipped  —  graph build
–  AF-A5CX75-F1                         skipped  —  graph build
–  AF-A5D8V7-2-F1                       skipped  —  graph build
–  AF-A5D8V7-F1                         skipped  —  graph build
–  AF-A5ULQ9-F1                         skipped  —  graph build
–  AF-A5VJG4-F1                         skipped  —  graph build
–  AF-A5VQ81-F1                         skipped  —  graph build
–  AF-A6QNT4-F1                         skipped  —  graph build
–  AF-A6QR56-F1                         skipped  —  graph build
–  AF-A7FWQ7-F1                         skipped  —  graph build
–  AF-A7X3V4-F1                         skipped  —  graph build
–  AF-A8FEK5-F1                         skipped  —  graph build
–  AF-A8MHU4-F1                         skipped  —  graph build
–  AF-A9ALQ1-F1                         skipped  —  graph build
–  AF-A9IKY5-F1                         skipped  —  graph build
–  AF-B0C9F5-F1                         skipped  —  graph build
–  AF-B1KRT2-F1                         skipped  —  graph build
–  AF-B1MXG9-F1                         skipped  —  graph build
–  AF-B1WAR9-F1                         skipped  —  graph build
–  AF-B1WC58-F1                         skipped  —  graph build
–  AF-B1XAY6-F1                         skipped  —  graph build
–  AF-B2ITL1-F1                         skipped  —  graph build
–  AF-B2S5D2-F1                         skipped  —  graph build
–  AF-B2SXB6-F1                         skipped  —  graph build
–  AF-B4GAY7-F1                         skipped  —  graph build
–  AF-B7GSF9-F1                         skipped  —  graph build
–  AF-B7NRJ1-F1                         skipped  —  graph build
–  AF-B8XH38-F1                         skipped  —  graph build
–  AF-C0HK49-F1                         skipped  —  graph build
–  AF-C0QRW3-F1                         skipped  —  graph build
–  AF-C6C2Z3-F1                         skipped  —  graph build
–  AF-D2Y490-F1                         skipped  —  graph build
–  AF-E3JD18-F1                         skipped  —  graph build
–  AF-F4ICK8-F1                         skipped  —  graph build
–  AF-F4JP48-F1                         skipped  —  graph build
–  AF-F4KEV7-2-F1                       skipped  —  graph build
–  AF-F4KEV7-F1                         skipped  —  graph build
–  AF-F7E7M3-F1                         skipped  —  graph build
–  AF-G0NUX8-F1                         skipped  —  graph build
–  AF-G5EEM9-2-F1                       skipped  —  graph build
–  AF-G5EEM9-3-F1                       skipped  —  graph build
–  AF-G5EEM9-4-F1                       skipped  —  graph build
–  AF-G5EEM9-5-F1                       skipped  —  graph build
–  AF-G5EEM9-6-F1                       skipped  —  graph build
–  AF-G5EEM9-F1                         skipped  —  graph build
–  AF-O00338-2-F1                       skipped  —  graph build
–  AF-O00338-F1                         skipped  —  graph build
–  AF-O00409-2-F1                       skipped  —  graph build
–  AF-O00409-F1                         skipped  —  graph build
–  AF-O60393-2-F1                       skipped  —  graph build
–  AF-O60393-F1                         skipped  —  graph build
–  AF-O75127-F1                         skipped  —  graph build
–  AF-O75449-2-F1                       skipped  —  graph build
–  AF-O75449-F1                         skipped  —  graph build
–  AF-O75629-F1                         skipped  —  graph build
–  AF-O83348-F1                         skipped  —  graph build
–  AF-O94993-2-F1                       skipped  —  graph build
–  AF-O94993-F1                         skipped  —  graph build
–  AF-O95905-2-F1                       skipped  —  graph build
–  AF-O95905-3-F1                       skipped  —  graph build
–  AF-O95905-F1                         skipped  —  graph build
–  AF-P00324-F1                         skipped  —  graph build
–  AF-P01082-F1                         skipped  —  graph build
–  AF-P09373-F1                         skipped  —  graph build
–  AF-P0DI83-F1                         skipped  —  graph build
–  AF-P0DJD4-F1                         skipped  —  graph build
–  AF-P0DSP0-F1                         skipped  —  graph build
–  AF-P10720-F1                         skipped  —  graph build
–  AF-P18621-2-F1                       skipped  —  graph build
–  AF-P18621-3-F1                       skipped  —  graph build
–  AF-P18621-F1                         skipped  —  graph build
–  AF-P19874-F1                         skipped  —  graph build
–  AF-P28237-F1                         skipped  —  graph build
–  AF-P31862-F1                         skipped  —  graph build
–  AF-P46765-F1                         skipped  —  graph build
–  AF-P48036-F1                         skipped  —  graph build
–  AF-P48594-F1                         skipped  —  graph build
–  AF-P49137-2-F1                       skipped  —  graph build
–  AF-P49137-F1                         skipped  —  graph build
–  AF-P49888-F1                         skipped  —  graph build
–  AF-P53972-F1                         skipped  —  graph build
–  AF-P54637-F1                         skipped  —  graph build
–  AF-P60412-F1                         skipped  —  graph build
–  AF-P68469-F1                         skipped  —  graph build
–  AF-P79732-F1                         skipped  —  graph build
–  AF-P80098-F1                         skipped  —  graph build
–  AF-P86195-F1                         skipped  —  graph build
–  AF-Q02VS3-F1                         skipped  —  graph build
–  AF-Q048S3-F1                         skipped  —  graph build
–  AF-Q0DXS3-F1                         skipped  —  graph build
–  AF-Q13794-2-F1                       skipped  —  graph build
–  AF-Q13794-F1                         skipped  —  graph build
–  AF-Q15173-2-F1                       skipped  —  graph build
–  AF-Q15173-F1                         skipped  —  graph build
–  AF-Q16613-2-F1                       skipped  —  graph build
–  AF-Q16613-F1                         skipped  —  graph build
–  AF-Q1CMJ1-F1                         skipped  —  graph build
–  AF-Q2ES46-F1                         skipped  —  graph build
–  AF-Q32NW2-F1                         skipped  —  graph build
–  AF-Q39099-F1                         skipped  —  graph build
–  AF-Q53ET0-F1                         skipped  —  graph build
–  AF-Q5AV15-F1                         skipped  —  graph build
–  AF-Q5VXI9-F1                         skipped  —  graph build
–  AF-Q665P6-F1                         skipped  —  graph build
–  AF-Q6IRU7-F1                         skipped  —  graph build
–  AF-Q6P2D8-2-F1                       skipped  —  graph build
–  AF-Q6P2D8-3-F1                       skipped  —  graph build
–  AF-Q6P2D8-4-F1                       skipped  —  graph build
–  AF-Q6P2D8-5-F1                       skipped  —  graph build
–  AF-Q6P2D8-F1                         skipped  —  graph build
–  AF-Q6P5X5-2-F1                       skipped  —  graph build
–  AF-Q6P5X5-F1                         skipped  —  graph build
–  AF-Q765P7-2-F1                       skipped  —  graph build
–  AF-Q765P7-F1                         skipped  —  graph build
–  AF-Q88S50-F1                         skipped  —  graph build
–  AF-Q8FBE2-F1                         skipped  —  graph build
–  AF-Q8IVW4-2-F1                       skipped  —  graph build
–  AF-Q8IVW4-F1                         skipped  —  graph build
–  AF-Q8IWW6-2-F1                       skipped  —  graph build
–  AF-Q8IWW6-3-F1                       skipped  —  graph build
–  AF-Q8IWW6-4-F1                       skipped  —  graph build
–  AF-Q8IWW6-F1                         skipped  —  graph build
–  AF-Q8N4Y2-2-F1                       skipped  —  graph build
–  AF-Q8N4Y2-3-F1                       skipped  —  graph build
–  AF-Q8N4Y2-F1                         skipped  —  graph build
–  AF-Q8NB90-2-F1                       skipped  —  graph build
–  AF-Q8NB90-3-F1                       skipped  —  graph build
–  AF-Q8NB90-F1                         skipped  —  graph build
–  AF-Q8R4V0-F1                         skipped  —  graph build
–  AF-Q8SQT7-F1                         skipped  —  graph build
–  AF-Q8TE02-1-F1                       skipped  —  graph build
–  AF-Q8TE02-2-F1                       skipped  —  graph build
–  AF-Q8TE02-3-F1                       skipped  —  graph build
–  AF-Q8TE02-F1                         skipped  —  graph build
–  AF-Q8WU03-F1                         skipped  —  graph build
–  AF-Q8WU10-2-F1                       skipped  —  graph build
–  AF-Q8WU10-F1                         skipped  —  graph build
–  AF-Q969E8-F1                         skipped  —  graph build
–  AF-Q99909-2-F1                       skipped  —  graph build
–  AF-Q99909-F1                         skipped  —  graph build
–  AF-Q9CCQ7-F1                         skipped  —  graph build
–  AF-Q9CWJ9-F1                         skipped  —  graph build
–  AF-Q9H1B4-2-F1                       skipped  —  graph build
–  AF-Q9H1B4-3-F1                       skipped  —  graph build
–  AF-Q9H1B4-4-F1                       skipped  —  graph build
–  AF-Q9H1B4-5-F1                       skipped  —  graph build
–  AF-Q9H1B4-6-F1                       skipped  —  graph build
–  AF-Q9H1B4-F1                         skipped  —  graph build
–  AF-Q9H611-2-F1                       skipped  —  graph build
–  AF-Q9H611-3-F1                       skipped  —  graph build
–  AF-Q9H611-4-F1                       skipped  —  graph build
–  AF-Q9H611-F1                         skipped  —  graph build
–  AF-Q9HCQ7-2-F1                       skipped  —  graph build
–  AF-Q9HCQ7-F1                         skipped  —  graph build
–  AF-Q9LWN0-F1                         skipped  —  graph build
–  AF-Q9UBI1-F1                         skipped  —  graph build
–  AF-Q9UI47-2-F1                       skipped  —  graph build
–  AF-Q9UI47-F1                         skipped  —  graph build
–  AF-Q9Y616-2-F1                       skipped  —  graph build
–  AF-Q9Y616-F1                         skipped  —  graph build
–  AF-Q9Z7U6-F1                         skipped  —  graph build
–  AF-V6CLJ5-2-F1                       skipped  —  graph build
–  AF-V6CLJ5-3-F1                       skipped  —  graph build
–  AF-V6CLJ5-4-F1                       skipped  —  graph build
–  AF-V6CLJ5-F1                         skipped  —  graph build
–  AF-W1I921-F1                         skipped  —  graph build
Done — ok: 0  skipped: 200  failed: 0
Split manifest already exists — skipping (use --resplit to regenerate).

*****************************************
Setting OMP_NUM_THREADS environment variable for each process to be 1 in default, to avoid your system being overloaded, please further tune the variable for optimal performance in your application as needed. 
*****************************************
Device: cuda:0  (DDP world_size=2)
Split (from manifest) — train: 151  val: 29  test: 20
Computing ESP normalisation statistics from training split...
  mean=-0.1556  std=4.5450
Building dynamic batch samplers (reads edge counts from metadata)...
  ~12 train batches/rank  |  ~3 val batches/rank  (budget: 1,800,000 edges/batch)
Model: distance  |  parameters: 1,762,551

 Epoch   Train loss    Val loss      RMSE   Pearson r          LR
-----------------------------------------------------------------
     1       1.4712      0.9443    0.9371      0.4919    3.00e-04 *
     2       1.0337      0.4891    0.6588      0.4901    3.00e-04 *
     3       0.9564      0.4735    0.6462      0.4986    3.00e-04 *
     4       1.0230      0.6335    0.7568      0.4928    2.99e-04
     5       0.8170      0.7527    0.8307      0.4907    2.99e-04
     6       1.0607      0.5153    0.6815      0.4930    2.98e-04
     7       0.8904      0.4550    0.6338      0.5015    2.97e-04 *
     8       0.8620      0.5180    0.6782      0.4871    2.96e-04
     9       0.8147      0.4839    0.6550      0.5087    2.95e-04
    10       0.7587      0.4571    0.6369      0.5126    2.94e-04
    11       0.9642      0.6561    0.7731      0.5022    2.93e-04
    12       0.9318      0.4592    0.6361      0.5049    2.91e-04
    13       0.9674      0.4657    0.6416      0.5160    2.90e-04
    14       0.8939      0.4569    0.6379      0.5195    2.88e-04
    15       0.8412      0.5539    0.7067      0.5231    2.86e-04
    16       0.8412      0.5861    0.7281      0.5319    2.84e-04
    17       0.9565      0.4859    0.6592      0.5453    2.82e-04
    18       0.8056      0.4959    0.6707      0.5433    2.79e-04
    19       0.8364      0.4419    0.6266      0.5695    2.77e-04 *
    20       0.7066      0.4369    0.6238      0.5572    2.74e-04 *
    21       0.7821      0.4690    0.6475      0.5667    2.71e-04
    22       0.8711      0.4363    0.6228      0.5762    2.69e-04 *
    23       0.8150      0.5825    0.7271      0.5440    2.66e-04
    24       0.8540      0.4897    0.6632      0.5715    2.63e-04
    25       0.9052      0.5119    0.6801      0.5838    2.59e-04
    26       0.8554      0.5892    0.7336      0.5869    2.56e-04
    27       1.0212      0.4305    0.6188      0.5712    2.53e-04 *
    28       0.8031      0.4210    0.6155      0.5917    2.49e-04 *
    29       0.7660      0.4497    0.6376      0.5759    2.46e-04
    30       0.9378      0.4716    0.6495      0.5633    2.42e-04
    31       0.7464      0.4636    0.6452      0.5948    2.38e-04
    32       0.8867      0.5017    0.6737      0.5911    2.35e-04
    33       0.7452      0.6318    0.7616      0.5775    2.31e-04
    34       0.8332      0.4144    0.6078      0.6082    2.27e-04 *
    35       0.7714      0.4615    0.6447      0.6047    2.23e-04
    36       0.8469      0.4565    0.6412      0.6053    2.18e-04
    37       0.6930      0.5448    0.7046      0.5909    2.14e-04
    38       0.7854      0.4285    0.6198      0.6055    2.10e-04
    39       0.8181      0.4509    0.6373      0.6150    2.06e-04
    40       0.9605      0.6395    0.7679      0.5978    2.01e-04
    41       0.8000      0.4681    0.6545      0.6012    1.97e-04
    42       0.6894      0.4377    0.6276      0.6236    1.92e-04
    43       0.6595      0.4393    0.6294      0.6016    1.88e-04
    44       0.6658      0.4031    0.6010      0.6325    1.83e-04 *
    45       0.7405      0.3822    0.5841      0.6237    1.79e-04 *
    46       0.7475      0.4448    0.6370      0.6108    1.74e-04
    47       0.8290      0.5900    0.7370      0.6169    1.69e-04
    48       0.8742      0.4057    0.6029      0.6291    1.65e-04
    49       0.7565      0.3930    0.5938      0.6227    1.60e-04
    50       0.8084      0.3846    0.5861      0.6289    1.55e-04
    51       0.7884      0.4120    0.6098      0.6294    1.50e-04
    52       0.7049      0.5159    0.6936      0.6287    1.46e-04
    53       0.7010      0.5371    0.7019      0.6278    1.41e-04
    54       0.7526      0.3923    0.5929      0.6395    1.36e-04
